2024-04-27 18:46:21,284 - New items detected: ['New folder']
2024-04-27 18:46:26,341 - New items detected: ['.\\file_info.csv', 'New folder\\crazy_penguin_hpot.jpg']
2024-04-27 18:47:36,815 - New items detected: ['New folder (2)']
2024-04-27 18:47:41,866 - New items detected: ['New folder (2)\\crazy_pickle_hpot.jpg']
2024-04-27 18:48:35,394 - New items detected: ['New folder (3)']
2024-04-27 18:48:40,455 - New items detected: ['.\\file_info.csv', 'New folder (3)\\crazy_pickle_hpot.jpg']
2024-04-27 18:51:46,954 - New items detected: ['New folder (4)']
2024-04-27 18:51:51,998 - New items detected: ['New folder (4)\\crazy_squirrel_hpot.jpg']
2024-04-27 18:52:47,357 - New items detected: ['New folder (5)']
2024-04-27 18:52:52,394 - New items detected: ['New folder (5)\\whimsical_banana_hpot.jpg']
2024-04-27 18:57:04,157 - New items detected: ['New folder']
2024-04-27 18:57:09,289 - New items detected: ['.\\file_info.csv', 'New folder\\wacky_kangaroo_hpot.jpg']
2024-04-27 19:06:06,959 - New items detected: ['New folder (2)']
2024-04-27 19:06:12,004 - New items detected: ['New folder (2)\\goofy_banana_hpot.jpg']
2024-04-27 19:07:32,497 - New items detected: ['New folder (3)']
2024-04-27 19:07:37,540 - New items detected: ['New folder (3)\\wacky_kangaroo_hpot.jpg']
2024-04-27 19:10:23,932 - New items detected: ['New folder (4)']
2024-04-27 19:10:28,974 - New items detected: ['New folder (4)\\silly_pickle_hpot.jpg']
2024-04-27 19:11:34,413 - New items detected: ['New folder (5)']
2024-04-27 19:11:39,461 - New items detected: ['New folder (5)\\wacky_kangaroo_hpot.jpg']
2024-04-27 19:13:41,114 - Deleted items detected: ['New folder', 'New folder (2)', 'New folder (3)', 'New folder (4)', 'New folder (5)']
2024-04-27 19:13:46,160 - New items detected: ['New folder']
2024-04-27 19:13:51,269 - New items detected: ['.\\file_info.csv', 'New folder\\goofy_kangaroo_hpot.jpg']
2024-04-27 19:15:06,726 - New items detected: ['New folder (2)']
2024-04-27 19:15:11,777 - New items detected: ['New folder (2)\\funny_squirrel_hpot.jpg']
2024-04-27 19:15:58,244 - Deleted items detected: ['New folder\\goofy_kangaroo_hpot.jpg', 'New folder (2)']
2024-04-27 19:16:13,362 - New items detected: ['New folder (2)']
2024-04-27 19:16:18,444 - New items detected: ['.\\file_info.csv', 'New folder (2)\\funny_kangaroo_hpot.jpg']
2024-04-27 19:17:34,182 - New items detected: ['New folder (3)']
2024-04-27 19:17:39,241 - New items detected: ['.\\file_info.csv', 'New folder (3)\\silly_kangaroo_hpot.jpg']
2024-04-27 19:36:26,769 - New items detected: ['New folder (4)']
2024-04-27 19:36:31,888 - New items detected: ['.\\file_info.csv', 'New folder (4)\\silly_banana_hpot.jpg']
2024-04-27 19:38:54,904 - New items detected: ['New folder']
2024-04-27 19:38:59,966 - New items detected: ['.\\file_info.csv', 'New folder\\silly_squirrel_hpot.jpg']
2024-04-27 19:41:35,526 - New items detected: ['New folder (2)']
2024-04-27 19:41:40,606 - New items detected: ['.\\file_info.csv', 'New folder (2)\\quirky_penguin_hpot.jpg']
2024-04-27 19:43:29,458 - New items detected: ['New folder (3)']
2024-04-27 19:43:34,508 - New items detected: ['.\\file_info.csv', 'New folder (3)\\wacky_squirrel_hpot.jpg']
2024-04-27 19:47:15,370 - New items detected: ['New folder (4)']
2024-04-27 19:47:20,439 - New items detected: ['.\\file_info.csv', 'New folder (4)\\wacky_penguin_hpot.jpg']
2024-04-27 19:52:02,223 - New items detected: ['New folder']
2024-04-27 19:52:07,414 - New items detected: ['.\\file_info.csv', 'New folder\\silly_penguin_hpot.jpg']
2024-04-27 19:57:54,036 - New items detected: ['New folder (2)']
2024-04-27 19:57:59,114 - New items detected: ['.\\file_info.csv', 'New folder (2)\\goofy_unicorn_hpot.jpg']
2024-04-27 19:58:29,311 - Deleted items detected: ['New folder', 'New folder (2)']
